[debug] [2017-11-22T12:41:20.587Z] ----------------------------------------------------------------------
[debug] [2017-11-22T12:41:20.603Z] Command:       C:\Program Files\nodejs\node.exe C:\Users\xmraguraman3\AppData\Roaming\npm\node_modules\firebase-tools\bin\firebase init
[debug] [2017-11-22T12:41:20.603Z] CLI Version:   3.15.2
[debug] [2017-11-22T12:41:20.603Z] Platform:      win32
[debug] [2017-11-22T12:41:20.603Z] Node Version:  v6.10.3
[debug] [2017-11-22T12:41:20.603Z] Time:          Wed Nov 22 2017 18:11:20 GMT+0530 (India Standard Time)
[debug] [2017-11-22T12:41:20.603Z] ----------------------------------------------------------------------
[debug] 
[debug] [2017-11-22T12:41:20.603Z] > command requires scopes: ["email","openid","https://www.googleapis.com/auth/cloudplatformprojects.readonly","https://www.googleapis.com/auth/firebase"]
[debug] [2017-11-22T12:41:20.603Z] > authorizing via signed-in user
[info] 
     ######## #### ########  ######## ########     ###     ######  ########
     ##        ##  ##     ## ##       ##     ##  ##   ##  ##       ##
     ######    ##  ########  ######   ########  #########  ######  ######
     ##        ##  ##    ##  ##       ##     ## ##     ##       ## ##
     ##       #### ##     ## ######## ########  ##     ##  ######  ########

You're about to initialize a Firebase project in this directory:

  C:\My Work\KnowledgeSource\angularmc\oshop

Before we get started, keep in mind:

  * You are currently outside your home directory

[info] 
=== Project Setup
[info] 
[info] First, let's associate this project directory with a Firebase project.
[info] You can create multiple project aliases by running firebase use --add, 
[info] but for now we'll just set up a default project.
[info] 
[debug] [2017-11-22T12:41:33.201Z] > refreshing access token with scopes: ["email","https://www.googleapis.com/auth/cloudplatformprojects.readonly","https://www.googleapis.com/auth/firebase","openid"]
[debug] [2017-11-22T12:41:33.201Z] >>> HTTP REQUEST POST https://www.googleapis.com/oauth2/v3/token { refresh_token: '1/Atm38wVitHr_YSHupKtSBT1ujv-1RfsE64izUXEt9CM',
  client_id: '563584335869-fgrhgmd47bqnekij5i8b5pr03ho849e6.apps.googleusercontent.com',
  client_secret: 'j9iVZfS8kkCEFUPaAeJV0sAi',
  grant_type: 'refresh_token',
  scope: 'email https://www.googleapis.com/auth/cloudplatformprojects.readonly https://www.googleapis.com/auth/firebase openid' } 
 Wed Nov 22 2017 18:11:33 GMT+0530 (India Standard Time)
[debug] [2017-11-22T12:41:33.513Z] <<< HTTP RESPONSE 200
[debug] [2017-11-22T12:41:33.575Z] >>> HTTP REQUEST GET https://admin.firebase.com/v1/projects  
 Wed Nov 22 2017 18:11:33 GMT+0530 (India Standard Time)
[debug] [2017-11-22T12:41:55.085Z] Error: connect ETIMEDOUT 104.197.85.31:443
    at Object.exports._errnoException (util.js:1018:11)
    at exports._exceptionWithHostPort (util.js:1041:20)
    at TCPConnectWrap.afterConnect [as oncomplete] (net.js:1086:14)
[error] 
[error] Error: Server Error. connect ETIMEDOUT 104.197.85.31:443
